2019/08/13 09:57:08 [error] [exception.CDbException] CDbException: CDbConnection failed to open the DB connection: SQLSTATE[HY000] [1049] Unknown database 'luisa' in /var/www/yii-1.1.12/framework/db/CDbConnection.php:382
Stack trace:
#0 /var/www/yii-1.1.12/framework/db/CDbConnection.php(331): CDbConnection->open()
#1 /var/www/yii-1.1.12/framework/db/CDbConnection.php(309): CDbConnection->setActive(true)
#2 /var/www/yii-1.1.12/framework/base/CModule.php(388): CDbConnection->init()
#3 /var/www/yii-1.1.12/framework/base/CModule.php(104): CModule->getComponent('db')
#4 /var/www/yii-1.1.12/framework/gii/generators/crud/CrudCode.php(44): CModule->__get('db')
#5 /var/www/yii-1.1.12/framework/web/CFormModel.php(40): CrudCode->init()
#6 /var/www/yii-1.1.12/framework/gii/CCodeGenerator.php(154): CFormModel->__construct()
#7 /var/www/yii-1.1.12/framework/gii/CCodeGenerator.php(64): CCodeGenerator->prepare()
#8 /var/www/yii-1.1.12/framework/web/actions/CInlineAction.php(50): CCodeGenerator->actionIndex()
#9 /var/www/yii-1.1.12/framework/web/CController.php(309): CInlineAction->runWithParams(Array)
#10 /var/www/yii-1.1.12/framework/web/CController.php(287): CController->runAction(Object(CInlineAction))
#11 /var/www/yii-1.1.12/framework/web/CController.php(266): CController->runActionWithFilters(Object(CInlineAction), Array)
#12 /var/www/yii-1.1.12/framework/web/CWebApplication.php(283): CController->run('')
#13 /var/www/yii-1.1.12/framework/web/CWebApplication.php(142): CWebApplication->runController('gii/crud')
#14 /var/www/yii-1.1.12/framework/base/CApplication.php(162): CWebApplication->processRequest()
#15 /var/www/html/blog/index.php(13): CApplication->run()
#16 {main}
REQUEST_URI=/blog/index.php?r=gii/crud
HTTP_REFERER=http://localhost/blog/index.php?r=gii/default/index
---
2019/08/13 13:30:42 [error] [exception.CHttpException.404] CHttpException: Unable to resolve the request "giix". in /var/www/yii-1.1.12/framework/web/CWebApplication.php:287
Stack trace:
#0 /var/www/yii-1.1.12/framework/web/CWebApplication.php(142): CWebApplication->runController('giix')
#1 /var/www/yii-1.1.12/framework/base/CApplication.php(162): CWebApplication->processRequest()
#2 /var/www/html/blog/index.php(13): CApplication->run()
#3 {main}
REQUEST_URI=/blog/index.php?r=giix
---
2019/08/13 13:31:44 [error] [exception.CHttpException.404] CHttpException: Unable to resolve the request "giix". in /var/www/yii-1.1.12/framework/web/CWebApplication.php:287
Stack trace:
#0 /var/www/yii-1.1.12/framework/web/CWebApplication.php(142): CWebApplication->runController('giix')
#1 /var/www/yii-1.1.12/framework/base/CApplication.php(162): CWebApplication->processRequest()
#2 /var/www/html/blog/index.php(13): CApplication->run()
#3 {main}
REQUEST_URI=/blog/index.php?r=giix
---
2019/08/13 13:32:43 [error] [exception.CHttpException.404] CHttpException: Unable to resolve the request "gii/giix". in /var/www/yii-1.1.12/framework/web/CWebApplication.php:287
Stack trace:
#0 /var/www/yii-1.1.12/framework/web/CWebApplication.php(142): CWebApplication->runController('gii/giix')
#1 /var/www/yii-1.1.12/framework/base/CApplication.php(162): CWebApplication->processRequest()
#2 /var/www/html/blog/index.php(13): CApplication->run()
#3 {main}
REQUEST_URI=/blog/index.php?r=gii/giix
---
2019/08/13 13:32:56 [error] [exception.CHttpException.404] CHttpException: Unable to resolve the request "gii/giixCrud". in /var/www/yii-1.1.12/framework/web/CWebApplication.php:287
Stack trace:
#0 /var/www/yii-1.1.12/framework/web/CWebApplication.php(142): CWebApplication->runController('gii/giixCrud')
#1 /var/www/yii-1.1.12/framework/base/CApplication.php(162): CWebApplication->processRequest()
#2 /var/www/html/blog/index.php(13): CApplication->run()
#3 {main}
REQUEST_URI=/blog/index.php?r=gii/giixCrud
---
2019/08/13 13:33:13 [error] [exception.CException] CException: Please configure the "password" property of the "gii" module. in /var/www/yii-1.1.12/framework/gii/components/UserIdentity.php:13
Stack trace:
#0 /var/www/yii-1.1.12/framework/gii/models/LoginForm.php(26): UserIdentity->authenticate()
#1 /var/www/yii-1.1.12/framework/validators/CInlineValidator.php(43): LoginForm->authenticate('password', Array)
#2 /var/www/yii-1.1.12/framework/validators/CValidator.php(214): CInlineValidator->validateAttribute(Object(LoginForm), 'password')
#3 /var/www/yii-1.1.12/framework/base/CModel.php(158): CValidator->validate(Object(LoginForm), Array)
#4 /var/www/yii-1.1.12/framework/gii/controllers/DefaultController.php(43): CModel->validate()
#5 /var/www/yii-1.1.12/framework/web/actions/CInlineAction.php(50): DefaultController->actionLogin()
#6 /var/www/yii-1.1.12/framework/web/CController.php(309): CInlineAction->runWithParams(Array)
#7 /var/www/yii-1.1.12/framework/web/CController.php(287): CController->runAction(Object(CInlineAction))
#8 /var/www/yii-1.1.12/framework/web/CController.php(266): CController->runActionWithFilters(Object(CInlineAction), Array)
#9 /var/www/yii-1.1.12/framework/web/CWebApplication.php(283): CController->run('login')
#10 /var/www/yii-1.1.12/framework/web/CWebApplication.php(142): CWebApplication->runController('gii/default/log...')
#11 /var/www/yii-1.1.12/framework/base/CApplication.php(162): CWebApplication->processRequest()
#12 /var/www/html/blog/index.php(13): CApplication->run()
#13 {main}
REQUEST_URI=/blog/index.php?r=gii/default/login
HTTP_REFERER=http://localhost/blog/index.php?r=gii/default/login
---
2019/08/13 13:37:02 [error] [php] count(): Parameter must be an array or an object that implements Countable (/var/www/yii-1.1.12/framework/gii/generators/model/ModelCode.php:350)
Stack trace:
#0 /var/www/yii-1.1.12/framework/gii/CCodeGenerator.php(163): GiixModelCode->prepare()
#1 /var/www/yii-1.1.12/framework/gii/CCodeGenerator.php(64): GiixModelGenerator->prepare()
#2 /var/www/yii-1.1.12/framework/web/actions/CInlineAction.php(50): GiixModelGenerator->actionIndex()
#3 /var/www/yii-1.1.12/framework/web/CController.php(309): CInlineAction->runWithParams()
#4 /var/www/yii-1.1.12/framework/web/CController.php(287): GiixModelGenerator->runAction()
#5 /var/www/yii-1.1.12/framework/web/CController.php(266): GiixModelGenerator->runActionWithFilters()
#6 /var/www/yii-1.1.12/framework/web/CWebApplication.php(283): GiixModelGenerator->run()
#7 /var/www/yii-1.1.12/framework/web/CWebApplication.php(142): CWebApplication->runController()
#8 /var/www/yii-1.1.12/framework/base/CApplication.php(162): CWebApplication->processRequest()
#9 /var/www/html/blog/index.php(13): CWebApplication->run()
REQUEST_URI=/blog/index.php?r=gii/giixModel
in /var/www/html/blog/protected/extensions/giix-core/giixModel/GiixModelCode.php (67)
in /var/www/html/blog/index.php (13)
2019/08/13 13:38:45 [error] [php] count(): Parameter must be an array or an object that implements Countable (/var/www/yii-1.1.12/framework/gii/generators/model/ModelCode.php:350)
Stack trace:
#0 /var/www/yii-1.1.12/framework/gii/CCodeGenerator.php(163): GiixModelCode->prepare()
#1 /var/www/yii-1.1.12/framework/gii/CCodeGenerator.php(64): GiixModelGenerator->prepare()
#2 /var/www/yii-1.1.12/framework/web/actions/CInlineAction.php(50): GiixModelGenerator->actionIndex()
#3 /var/www/yii-1.1.12/framework/web/CController.php(309): CInlineAction->runWithParams()
#4 /var/www/yii-1.1.12/framework/web/CController.php(287): GiixModelGenerator->runAction()
#5 /var/www/yii-1.1.12/framework/web/CController.php(266): GiixModelGenerator->runActionWithFilters()
#6 /var/www/yii-1.1.12/framework/web/CWebApplication.php(283): GiixModelGenerator->run()
#7 /var/www/yii-1.1.12/framework/web/CWebApplication.php(142): CWebApplication->runController()
#8 /var/www/yii-1.1.12/framework/base/CApplication.php(162): CWebApplication->processRequest()
#9 /var/www/html/blog/index.php(13): CWebApplication->run()
REQUEST_URI=/blog/index.php?r=gii/giixModel
in /var/www/html/blog/protected/extensions/giix-core/giixModel/GiixModelCode.php (67)
in /var/www/html/blog/index.php (13)
2019/08/13 13:44:52 [error] [php] count(): Parameter must be an array or an object that implements Countable (/var/www/yii-1.1.12/framework/gii/generators/model/ModelCode.php:350)
Stack trace:
#0 /var/www/yii-1.1.12/framework/gii/CCodeGenerator.php(163): GiixModelCode->prepare()
#1 /var/www/yii-1.1.12/framework/gii/CCodeGenerator.php(64): GiixModelGenerator->prepare()
#2 /var/www/yii-1.1.12/framework/web/actions/CInlineAction.php(50): GiixModelGenerator->actionIndex()
#3 /var/www/yii-1.1.12/framework/web/CController.php(309): CInlineAction->runWithParams()
#4 /var/www/yii-1.1.12/framework/web/CController.php(287): GiixModelGenerator->runAction()
#5 /var/www/yii-1.1.12/framework/web/CController.php(266): GiixModelGenerator->runActionWithFilters()
#6 /var/www/yii-1.1.12/framework/web/CWebApplication.php(283): GiixModelGenerator->run()
#7 /var/www/yii-1.1.12/framework/web/CWebApplication.php(142): CWebApplication->runController()
#8 /var/www/yii-1.1.12/framework/base/CApplication.php(162): CWebApplication->processRequest()
#9 /var/www/html/blog/index.php(13): CWebApplication->run()
REQUEST_URI=/blog/index.php?r=gii/giixModel
in /var/www/html/blog/protected/extensions/giix-core/giixModel/GiixModelCode.php (67)
in /var/www/html/blog/index.php (13)
2019/08/13 14:04:27 [error] [php] count(): Parameter must be an array or an object that implements Countable (/var/www/yii-1.1.12/framework/gii/generators/model/ModelCode.php:350)
Stack trace:
#0 /var/www/yii-1.1.12/framework/gii/CCodeGenerator.php(163): GiixModelCode->prepare()
#1 /var/www/yii-1.1.12/framework/gii/CCodeGenerator.php(64): GiixModelGenerator->prepare()
#2 /var/www/yii-1.1.12/framework/web/actions/CInlineAction.php(50): GiixModelGenerator->actionIndex()
#3 /var/www/yii-1.1.12/framework/web/CController.php(309): CInlineAction->runWithParams()
#4 /var/www/yii-1.1.12/framework/web/CController.php(287): GiixModelGenerator->runAction()
#5 /var/www/yii-1.1.12/framework/web/CController.php(266): GiixModelGenerator->runActionWithFilters()
#6 /var/www/yii-1.1.12/framework/web/CWebApplication.php(283): GiixModelGenerator->run()
#7 /var/www/yii-1.1.12/framework/web/CWebApplication.php(142): CWebApplication->runController()
#8 /var/www/yii-1.1.12/framework/base/CApplication.php(162): CWebApplication->processRequest()
#9 /var/www/html/blog/index.php(13): CWebApplication->run()
REQUEST_URI=/blog/index.php?r=gii/giixModel
in /var/www/html/blog/protected/extensions/giix-core/giixModel/GiixModelCode.php (67)
in /var/www/html/blog/index.php (13)
2019/08/13 14:26:55 [error] [php] count(): Parameter must be an array or an object that implements Countable (/var/www/yii-1.1.12/framework/gii/generators/model/ModelCode.php:350)
Stack trace:
#0 /var/www/yii-1.1.12/framework/gii/CCodeGenerator.php(163): GiixModelCode->prepare()
#1 /var/www/yii-1.1.12/framework/gii/CCodeGenerator.php(64): GiixModelGenerator->prepare()
#2 /var/www/yii-1.1.12/framework/web/actions/CInlineAction.php(50): GiixModelGenerator->actionIndex()
#3 /var/www/yii-1.1.12/framework/web/CController.php(309): CInlineAction->runWithParams()
#4 /var/www/yii-1.1.12/framework/web/CController.php(287): GiixModelGenerator->runAction()
#5 /var/www/yii-1.1.12/framework/web/CController.php(266): GiixModelGenerator->runActionWithFilters()
#6 /var/www/yii-1.1.12/framework/web/CWebApplication.php(283): GiixModelGenerator->run()
#7 /var/www/yii-1.1.12/framework/web/CWebApplication.php(142): CWebApplication->runController()
#8 /var/www/yii-1.1.12/framework/base/CApplication.php(162): CWebApplication->processRequest()
#9 /var/www/html/blog/index.php(13): CWebApplication->run()
REQUEST_URI=/blog/index.php?r=gii/giixModel
in /var/www/html/blog/protected/extensions/giix-core/giixModel/GiixModelCode.php (67)
in /var/www/html/blog/index.php (13)
2019/08/13 15:03:24 [error] [exception.CHttpException.403] CHttpException: You are not authorized to perform this action. in /var/www/yii-1.1.12/framework/web/auth/CAccessControlFilter.php:170
Stack trace:
#0 /var/www/yii-1.1.12/framework/web/auth/CAccessControlFilter.php(133): CAccessControlFilter->accessDenied(Object(CWebUser), 'You are not aut...')
#1 /var/www/yii-1.1.12/framework/web/filters/CFilter.php(39): CAccessControlFilter->preFilter(Object(CFilterChain))
#2 /var/www/yii-1.1.12/framework/web/CController.php(1146): CFilter->filter(Object(CFilterChain))
#3 /var/www/yii-1.1.12/framework/web/filters/CInlineFilter.php(59): CController->filterAccessControl(Object(CFilterChain))
#4 /var/www/yii-1.1.12/framework/web/filters/CFilterChain.php(131): CInlineFilter->filter(Object(CFilterChain))
#5 /var/www/yii-1.1.12/framework/web/CController.php(292): CFilterChain->run()
#6 /var/www/yii-1.1.12/framework/web/CController.php(266): CController->runActionWithFilters(Object(CInlineAction), Array)
#7 /var/www/yii-1.1.12/framework/web/CWebApplication.php(283): CController->run('admin')
#8 /var/www/yii-1.1.12/framework/web/CWebApplication.php(142): CWebApplication->runController('comentario/admi...')
#9 /var/www/yii-1.1.12/framework/base/CApplication.php(162): CWebApplication->processRequest()
#10 /var/www/html/blog/index.php(13): CApplication->run()
#11 {main}
REQUEST_URI=/blog/index.php?r=comentario/admin
HTTP_REFERER=http://localhost/blog/index.php?r=site/login
---
2019/08/13 15:50:54 [error] [php] include(CPasswordHelper.php): failed to open stream: No such file or directory (/var/www/yii-1.1.12/framework/YiiBase.php:423)
Stack trace:
#0 /var/www/html/blog/protected/models/Usuario.php(13): spl_autoload_call()
#1 /var/www/html/blog/protected/components/UserIdentity.php(13): Usuario->validatePassword()
#2 /var/www/html/blog/protected/models/LoginForm.php(52): UserIdentity->authenticate()
#3 /var/www/yii-1.1.12/framework/validators/CInlineValidator.php(43): LoginForm->authenticate()
#4 /var/www/yii-1.1.12/framework/validators/CValidator.php(214): CInlineValidator->validateAttribute()
#5 /var/www/yii-1.1.12/framework/base/CModel.php(158): CInlineValidator->validate()
#6 /var/www/html/blog/protected/controllers/SiteController.php(94): LoginForm->validate()
#7 /var/www/yii-1.1.12/framework/web/actions/CInlineAction.php(50): SiteController->actionLogin()
#8 /var/www/yii-1.1.12/framework/web/CController.php(309): CInlineAction->runWithParams()
#9 /var/www/yii-1.1.12/framework/web/CController.php(287): SiteController->runAction()
#10 /var/www/yii-1.1.12/framework/web/CController.php(266): SiteController->runActionWithFilters()
#11 /var/www/yii-1.1.12/framework/web/CWebApplication.php(283): SiteController->run()
#12 /var/www/yii-1.1.12/framework/web/CWebApplication.php(142): CWebApplication->runController()
#13 /var/www/yii-1.1.12/framework/base/CApplication.php(162): CWebApplication->processRequest()
#14 /var/www/html/blog/index.php(13): CWebApplication->run()
REQUEST_URI=/blog/index.php?r=site/login
in /var/www/html/blog/protected/models/Usuario.php (13)
in /var/www/html/blog/protected/components/UserIdentity.php (13)
in /var/www/html/blog/protected/models/LoginForm.php (52)
2019/08/13 15:51:37 [error] [php] include(CPasswordHelper.php): failed to open stream: No such file or directory (/var/www/yii-1.1.12/framework/YiiBase.php:423)
Stack trace:
#0 /var/www/html/blog/protected/models/Usuario.php(13): spl_autoload_call()
#1 /var/www/html/blog/protected/components/UserIdentity.php(13): Usuario->validatePassword()
#2 /var/www/html/blog/protected/models/LoginForm.php(52): UserIdentity->authenticate()
#3 /var/www/yii-1.1.12/framework/validators/CInlineValidator.php(43): LoginForm->authenticate()
#4 /var/www/yii-1.1.12/framework/validators/CValidator.php(214): CInlineValidator->validateAttribute()
#5 /var/www/yii-1.1.12/framework/base/CModel.php(158): CInlineValidator->validate()
#6 /var/www/html/blog/protected/controllers/SiteController.php(94): LoginForm->validate()
#7 /var/www/yii-1.1.12/framework/web/actions/CInlineAction.php(50): SiteController->actionLogin()
#8 /var/www/yii-1.1.12/framework/web/CController.php(309): CInlineAction->runWithParams()
#9 /var/www/yii-1.1.12/framework/web/CController.php(287): SiteController->runAction()
#10 /var/www/yii-1.1.12/framework/web/CController.php(266): SiteController->runActionWithFilters()
#11 /var/www/yii-1.1.12/framework/web/CWebApplication.php(283): SiteController->run()
#12 /var/www/yii-1.1.12/framework/web/CWebApplication.php(142): CWebApplication->runController()
#13 /var/www/yii-1.1.12/framework/base/CApplication.php(162): CWebApplication->processRequest()
#14 /var/www/html/blog/index.php(13): CWebApplication->run()
REQUEST_URI=/blog/index.php?r=site/login
in /var/www/html/blog/protected/models/Usuario.php (13)
in /var/www/html/blog/protected/components/UserIdentity.php (13)
in /var/www/html/blog/protected/models/LoginForm.php (52)
2019/08/13 16:00:20 [error] [exception.CException] CException: Usuario and its behaviors do not have a method or closure named "validatePassword". in /var/www/yii-1.1.12/framework/base/CComponent.php:266
Stack trace:
#0 /var/www/yii-1.1.12/framework/db/ar/CActiveRecord.php(226): CComponent->__call('validatePasswor...', Array)
#1 /var/www/html/blog/protected/components/UserIdentity.php(13): CActiveRecord->__call('validatePasswor...', Array)
#2 /var/www/html/blog/protected/models/LoginForm.php(52): UserIdentity->authenticate()
#3 /var/www/yii-1.1.12/framework/validators/CInlineValidator.php(43): LoginForm->authenticate('password', Array)
#4 /var/www/yii-1.1.12/framework/validators/CValidator.php(214): CInlineValidator->validateAttribute(Object(LoginForm), 'password')
#5 /var/www/yii-1.1.12/framework/base/CModel.php(158): CValidator->validate(Object(LoginForm), Array)
#6 /var/www/html/blog/protected/controllers/SiteController.php(94): CModel->validate()
#7 /var/www/yii-1.1.12/framework/web/actions/CInlineAction.php(50): SiteController->actionLogin()
#8 /var/www/yii-1.1.12/framework/web/CController.php(309): CInlineAction->runWithParams(Array)
#9 /var/www/yii-1.1.12/framework/web/CController.php(287): CController->runAction(Object(CInlineAction))
#10 /var/www/yii-1.1.12/framework/web/CController.php(266): CController->runActionWithFilters(Object(CInlineAction), Array)
#11 /var/www/yii-1.1.12/framework/web/CWebApplication.php(283): CController->run('login')
#12 /var/www/yii-1.1.12/framework/web/CWebApplication.php(142): CWebApplication->runController('site/login')
#13 /var/www/yii-1.1.12/framework/base/CApplication.php(162): CWebApplication->processRequest()
#14 /var/www/html/blog/index.php(13): CApplication->run()
#15 {main}
REQUEST_URI=/blog/index.php?r=site/login
HTTP_REFERER=http://localhost/blog/index.php?r=site/login
---
2019/08/13 16:01:29 [error] [php] include(User.php): failed to open stream: No such file or directory (/var/www/yii-1.1.12/framework/YiiBase.php:423)
Stack trace:
#0 /var/www/html/blog/protected/components/UserIdentity.php(10): spl_autoload_call()
#1 /var/www/html/blog/protected/models/LoginForm.php(52): UserIdentity->authenticate()
#2 /var/www/yii-1.1.12/framework/validators/CInlineValidator.php(43): LoginForm->authenticate()
#3 /var/www/yii-1.1.12/framework/validators/CValidator.php(214): CInlineValidator->validateAttribute()
#4 /var/www/yii-1.1.12/framework/base/CModel.php(158): CInlineValidator->validate()
#5 /var/www/html/blog/protected/controllers/SiteController.php(94): LoginForm->validate()
#6 /var/www/yii-1.1.12/framework/web/actions/CInlineAction.php(50): SiteController->actionLogin()
#7 /var/www/yii-1.1.12/framework/web/CController.php(309): CInlineAction->runWithParams()
#8 /var/www/yii-1.1.12/framework/web/CController.php(287): SiteController->runAction()
#9 /var/www/yii-1.1.12/framework/web/CController.php(266): SiteController->runActionWithFilters()
#10 /var/www/yii-1.1.12/framework/web/CWebApplication.php(283): SiteController->run()
#11 /var/www/yii-1.1.12/framework/web/CWebApplication.php(142): CWebApplication->runController()
#12 /var/www/yii-1.1.12/framework/base/CApplication.php(162): CWebApplication->processRequest()
#13 /var/www/html/blog/index.php(13): CWebApplication->run()
REQUEST_URI=/blog/index.php?r=site/login
in /var/www/html/blog/protected/components/UserIdentity.php (10)
in /var/www/html/blog/protected/models/LoginForm.php (52)
in /var/www/html/blog/protected/controllers/SiteController.php (94)
2019/08/13 16:01:55 [error] [exception.CException] CException: Property "Usuario.password" is not defined. in /var/www/yii-1.1.12/framework/base/CComponent.php:131
Stack trace:
#0 /var/www/yii-1.1.12/framework/db/ar/CActiveRecord.php(144): CComponent->__get('password')
#1 /var/www/html/blog/protected/components/UserIdentity.php(13): CActiveRecord->__get('password')
#2 /var/www/html/blog/protected/models/LoginForm.php(52): UserIdentity->authenticate()
#3 /var/www/yii-1.1.12/framework/validators/CInlineValidator.php(43): LoginForm->authenticate('password', Array)
#4 /var/www/yii-1.1.12/framework/validators/CValidator.php(214): CInlineValidator->validateAttribute(Object(LoginForm), 'password')
#5 /var/www/yii-1.1.12/framework/base/CModel.php(158): CValidator->validate(Object(LoginForm), Array)
#6 /var/www/html/blog/protected/controllers/SiteController.php(94): CModel->validate()
#7 /var/www/yii-1.1.12/framework/web/actions/CInlineAction.php(50): SiteController->actionLogin()
#8 /var/www/yii-1.1.12/framework/web/CController.php(309): CInlineAction->runWithParams(Array)
#9 /var/www/yii-1.1.12/framework/web/CController.php(287): CController->runAction(Object(CInlineAction))
#10 /var/www/yii-1.1.12/framework/web/CController.php(266): CController->runActionWithFilters(Object(CInlineAction), Array)
#11 /var/www/yii-1.1.12/framework/web/CWebApplication.php(283): CController->run('login')
#12 /var/www/yii-1.1.12/framework/web/CWebApplication.php(142): CWebApplication->runController('site/login')
#13 /var/www/yii-1.1.12/framework/base/CApplication.php(162): CWebApplication->processRequest()
#14 /var/www/html/blog/index.php(13): CApplication->run()
#15 {main}
REQUEST_URI=/blog/index.php?r=site/login
HTTP_REFERER=http://localhost/blog/index.php?r=site/login
---
2019/08/13 16:02:23 [error] [exception.CException] CException: Property "Usuario.password" is not defined. in /var/www/yii-1.1.12/framework/base/CComponent.php:131
Stack trace:
#0 /var/www/yii-1.1.12/framework/db/ar/CActiveRecord.php(144): CComponent->__get('password')
#1 /var/www/html/blog/protected/components/UserIdentity.php(13): CActiveRecord->__get('password')
#2 /var/www/html/blog/protected/models/LoginForm.php(52): UserIdentity->authenticate()
#3 /var/www/yii-1.1.12/framework/validators/CInlineValidator.php(43): LoginForm->authenticate('password', Array)
#4 /var/www/yii-1.1.12/framework/validators/CValidator.php(214): CInlineValidator->validateAttribute(Object(LoginForm), 'password')
#5 /var/www/yii-1.1.12/framework/base/CModel.php(158): CValidator->validate(Object(LoginForm), Array)
#6 /var/www/html/blog/protected/controllers/SiteController.php(94): CModel->validate()
#7 /var/www/yii-1.1.12/framework/web/actions/CInlineAction.php(50): SiteController->actionLogin()
#8 /var/www/yii-1.1.12/framework/web/CController.php(309): CInlineAction->runWithParams(Array)
#9 /var/www/yii-1.1.12/framework/web/CController.php(287): CController->runAction(Object(CInlineAction))
#10 /var/www/yii-1.1.12/framework/web/CController.php(266): CController->runActionWithFilters(Object(CInlineAction), Array)
#11 /var/www/yii-1.1.12/framework/web/CWebApplication.php(283): CController->run('login')
#12 /var/www/yii-1.1.12/framework/web/CWebApplication.php(142): CWebApplication->runController('site/login')
#13 /var/www/yii-1.1.12/framework/base/CApplication.php(162): CWebApplication->processRequest()
#14 /var/www/html/blog/index.php(13): CApplication->run()
#15 {main}
REQUEST_URI=/blog/index.php?r=site/login
HTTP_REFERER=http://localhost/blog/index.php?r=site/login
---
2019/08/13 16:04:10 [error] [exception.CException] CException: Property "UserIdentity.senha" is not defined. in /var/www/yii-1.1.12/framework/base/CComponent.php:131
Stack trace:
#0 /var/www/html/blog/protected/components/UserIdentity.php(13): CComponent->__get('senha')
#1 /var/www/html/blog/protected/models/LoginForm.php(52): UserIdentity->authenticate()
#2 /var/www/yii-1.1.12/framework/validators/CInlineValidator.php(43): LoginForm->authenticate('password', Array)
#3 /var/www/yii-1.1.12/framework/validators/CValidator.php(214): CInlineValidator->validateAttribute(Object(LoginForm), 'password')
#4 /var/www/yii-1.1.12/framework/base/CModel.php(158): CValidator->validate(Object(LoginForm), Array)
#5 /var/www/html/blog/protected/controllers/SiteController.php(94): CModel->validate()
#6 /var/www/yii-1.1.12/framework/web/actions/CInlineAction.php(50): SiteController->actionLogin()
#7 /var/www/yii-1.1.12/framework/web/CController.php(309): CInlineAction->runWithParams(Array)
#8 /var/www/yii-1.1.12/framework/web/CController.php(287): CController->runAction(Object(CInlineAction))
#9 /var/www/yii-1.1.12/framework/web/CController.php(266): CController->runActionWithFilters(Object(CInlineAction), Array)
#10 /var/www/yii-1.1.12/framework/web/CWebApplication.php(283): CController->run('login')
#11 /var/www/yii-1.1.12/framework/web/CWebApplication.php(142): CWebApplication->runController('site/login')
#12 /var/www/yii-1.1.12/framework/base/CApplication.php(162): CWebApplication->processRequest()
#13 /var/www/html/blog/index.php(13): CApplication->run()
#14 {main}
REQUEST_URI=/blog/index.php?r=site/login
HTTP_REFERER=http://localhost/blog/index.php?r=site/login
---
2019/08/13 16:11:46 [error] [exception.CException] CException: Property "UserIdentity.senha" is not defined. in /var/www/yii-1.1.12/framework/base/CComponent.php:131
Stack trace:
#0 /var/www/html/blog/protected/components/UserIdentity.php(13): CComponent->__get('senha')
#1 /var/www/html/blog/protected/models/LoginForm.php(52): UserIdentity->authenticate()
#2 /var/www/yii-1.1.12/framework/validators/CInlineValidator.php(43): LoginForm->authenticate('password', Array)
#3 /var/www/yii-1.1.12/framework/validators/CValidator.php(214): CInlineValidator->validateAttribute(Object(LoginForm), 'password')
#4 /var/www/yii-1.1.12/framework/base/CModel.php(158): CValidator->validate(Object(LoginForm), Array)
#5 /var/www/html/blog/protected/controllers/SiteController.php(94): CModel->validate()
#6 /var/www/yii-1.1.12/framework/web/actions/CInlineAction.php(50): SiteController->actionLogin()
#7 /var/www/yii-1.1.12/framework/web/CController.php(309): CInlineAction->runWithParams(Array)
#8 /var/www/yii-1.1.12/framework/web/CController.php(287): CController->runAction(Object(CInlineAction))
#9 /var/www/yii-1.1.12/framework/web/CController.php(266): CController->runActionWithFilters(Object(CInlineAction), Array)
#10 /var/www/yii-1.1.12/framework/web/CWebApplication.php(283): CController->run('login')
#11 /var/www/yii-1.1.12/framework/web/CWebApplication.php(142): CWebApplication->runController('site/login')
#12 /var/www/yii-1.1.12/framework/base/CApplication.php(162): CWebApplication->processRequest()
#13 /var/www/html/blog/index.php(13): CApplication->run()
#14 {main}
REQUEST_URI=/blog/index.php?r=site/login
HTTP_REFERER=http://localhost/blog/index.php?r=site/login
---
2019/08/13 16:12:05 [error] [exception.CException] CException: Property "Usuario.password" is not defined. in /var/www/yii-1.1.12/framework/base/CComponent.php:131
Stack trace:
#0 /var/www/yii-1.1.12/framework/db/ar/CActiveRecord.php(144): CComponent->__get('password')
#1 /var/www/html/blog/protected/components/UserIdentity.php(13): CActiveRecord->__get('password')
#2 /var/www/html/blog/protected/models/LoginForm.php(52): UserIdentity->authenticate()
#3 /var/www/yii-1.1.12/framework/validators/CInlineValidator.php(43): LoginForm->authenticate('password', Array)
#4 /var/www/yii-1.1.12/framework/validators/CValidator.php(214): CInlineValidator->validateAttribute(Object(LoginForm), 'password')
#5 /var/www/yii-1.1.12/framework/base/CModel.php(158): CValidator->validate(Object(LoginForm), Array)
#6 /var/www/html/blog/protected/controllers/SiteController.php(94): CModel->validate()
#7 /var/www/yii-1.1.12/framework/web/actions/CInlineAction.php(50): SiteController->actionLogin()
#8 /var/www/yii-1.1.12/framework/web/CController.php(309): CInlineAction->runWithParams(Array)
#9 /var/www/yii-1.1.12/framework/web/CController.php(287): CController->runAction(Object(CInlineAction))
#10 /var/www/yii-1.1.12/framework/web/CController.php(266): CController->runActionWithFilters(Object(CInlineAction), Array)
#11 /var/www/yii-1.1.12/framework/web/CWebApplication.php(283): CController->run('login')
#12 /var/www/yii-1.1.12/framework/web/CWebApplication.php(142): CWebApplication->runController('site/login')
#13 /var/www/yii-1.1.12/framework/base/CApplication.php(162): CWebApplication->processRequest()
#14 /var/www/html/blog/index.php(13): CApplication->run()
#15 {main}
REQUEST_URI=/blog/index.php?r=site/login
HTTP_REFERER=http://localhost/blog/index.php?r=site/login
---
2019/08/13 16:19:31 [error] [php] Undefined index: ajax (/var/www/html/blog/protected/controllers/SiteController.php:81)
Stack trace:
#0 /var/www/yii-1.1.12/framework/web/CController.php(287): SiteController->runAction()
#1 /var/www/yii-1.1.12/framework/web/CController.php(266): SiteController->runActionWithFilters()
#2 /var/www/yii-1.1.12/framework/web/CWebApplication.php(283): SiteController->run()
#3 /var/www/yii-1.1.12/framework/web/CWebApplication.php(142): CWebApplication->runController()
#4 /var/www/yii-1.1.12/framework/base/CApplication.php(162): CWebApplication->processRequest()
#5 /var/www/html/blog/index.php(13): CWebApplication->run()
REQUEST_URI=/blog/index.php?r=site/login
in /var/www/html/blog/protected/controllers/SiteController.php (81)
in /var/www/html/blog/index.php (13)
2019/08/13 16:23:08 [error] [php] Array to string conversion (/var/www/html/blog/protected/controllers/SiteController.php:92)
Stack trace:
#0 /var/www/yii-1.1.12/framework/web/CController.php(287): SiteController->runAction()
#1 /var/www/yii-1.1.12/framework/web/CController.php(266): SiteController->runActionWithFilters()
#2 /var/www/yii-1.1.12/framework/web/CWebApplication.php(283): SiteController->run()
#3 /var/www/yii-1.1.12/framework/web/CWebApplication.php(142): CWebApplication->runController()
#4 /var/www/yii-1.1.12/framework/base/CApplication.php(162): CWebApplication->processRequest()
#5 /var/www/html/blog/index.php(13): CWebApplication->run()
REQUEST_URI=/blog/index.php?r=site/login
in /var/www/html/blog/protected/controllers/SiteController.php (92)
in /var/www/html/blog/index.php (13)
2019/08/13 16:29:34 [error] [php] include(User.php): failed to open stream: No such file or directory (/var/www/yii-1.1.12/framework/YiiBase.php:423)
Stack trace:
#0 /var/www/html/blog/protected/components/UserIdentity.php(8): spl_autoload_call()
#1 /var/www/html/blog/protected/models/LoginForm.php(52): UserIdentity->authenticate()
#2 /var/www/yii-1.1.12/framework/validators/CInlineValidator.php(43): LoginForm->authenticate()
#3 /var/www/yii-1.1.12/framework/validators/CValidator.php(214): CInlineValidator->validateAttribute()
#4 /var/www/yii-1.1.12/framework/base/CModel.php(158): CInlineValidator->validate()
#5 /var/www/html/blog/protected/controllers/SiteController.php(93): LoginForm->validate()
#6 /var/www/yii-1.1.12/framework/web/actions/CInlineAction.php(50): SiteController->actionLogin()
#7 /var/www/yii-1.1.12/framework/web/CController.php(309): CInlineAction->runWithParams()
#8 /var/www/yii-1.1.12/framework/web/CController.php(287): SiteController->runAction()
#9 /var/www/yii-1.1.12/framework/web/CController.php(266): SiteController->runActionWithFilters()
#10 /var/www/yii-1.1.12/framework/web/CWebApplication.php(283): SiteController->run()
#11 /var/www/yii-1.1.12/framework/web/CWebApplication.php(142): CWebApplication->runController()
#12 /var/www/yii-1.1.12/framework/base/CApplication.php(162): CWebApplication->processRequest()
#13 /var/www/html/blog/index.php(13): CWebApplication->run()
REQUEST_URI=/blog/index.php?r=site/login
in /var/www/html/blog/protected/components/UserIdentity.php (8)
in /var/www/html/blog/protected/models/LoginForm.php (52)
in /var/www/html/blog/protected/controllers/SiteController.php (93)
2019/08/13 16:30:08 [error] [exception.CException] CException: Property "Usuario.password" is not defined. in /var/www/yii-1.1.12/framework/base/CComponent.php:131
Stack trace:
#0 /var/www/yii-1.1.12/framework/db/ar/CActiveRecord.php(144): CComponent->__get('password')
#1 /var/www/html/blog/protected/components/UserIdentity.php(11): CActiveRecord->__get('password')
#2 /var/www/html/blog/protected/models/LoginForm.php(52): UserIdentity->authenticate()
#3 /var/www/yii-1.1.12/framework/validators/CInlineValidator.php(43): LoginForm->authenticate('password', Array)
#4 /var/www/yii-1.1.12/framework/validators/CValidator.php(214): CInlineValidator->validateAttribute(Object(LoginForm), 'password')
#5 /var/www/yii-1.1.12/framework/base/CModel.php(158): CValidator->validate(Object(LoginForm), Array)
#6 /var/www/html/blog/protected/controllers/SiteController.php(93): CModel->validate()
#7 /var/www/yii-1.1.12/framework/web/actions/CInlineAction.php(50): SiteController->actionLogin()
#8 /var/www/yii-1.1.12/framework/web/CController.php(309): CInlineAction->runWithParams(Array)
#9 /var/www/yii-1.1.12/framework/web/CController.php(287): CController->runAction(Object(CInlineAction))
#10 /var/www/yii-1.1.12/framework/web/CController.php(266): CController->runActionWithFilters(Object(CInlineAction), Array)
#11 /var/www/yii-1.1.12/framework/web/CWebApplication.php(283): CController->run('login')
#12 /var/www/yii-1.1.12/framework/web/CWebApplication.php(142): CWebApplication->runController('site/login')
#13 /var/www/yii-1.1.12/framework/base/CApplication.php(162): CWebApplication->processRequest()
#14 /var/www/html/blog/index.php(13): CApplication->run()
#15 {main}
REQUEST_URI=/blog/index.php?r=site/login
HTTP_REFERER=http://localhost/blog/index.php?r=site/login
---
2019/08/13 16:30:41 [error] [exception.CException] CException: Property "UserIdentity.senha" is not defined. in /var/www/yii-1.1.12/framework/base/CComponent.php:131
Stack trace:
#0 /var/www/html/blog/protected/components/UserIdentity.php(11): CComponent->__get('senha')
#1 /var/www/html/blog/protected/models/LoginForm.php(52): UserIdentity->authenticate()
#2 /var/www/yii-1.1.12/framework/validators/CInlineValidator.php(43): LoginForm->authenticate('password', Array)
#3 /var/www/yii-1.1.12/framework/validators/CValidator.php(214): CInlineValidator->validateAttribute(Object(LoginForm), 'password')
#4 /var/www/yii-1.1.12/framework/base/CModel.php(158): CValidator->validate(Object(LoginForm), Array)
#5 /var/www/html/blog/protected/controllers/SiteController.php(93): CModel->validate()
#6 /var/www/yii-1.1.12/framework/web/actions/CInlineAction.php(50): SiteController->actionLogin()
#7 /var/www/yii-1.1.12/framework/web/CController.php(309): CInlineAction->runWithParams(Array)
#8 /var/www/yii-1.1.12/framework/web/CController.php(287): CController->runAction(Object(CInlineAction))
#9 /var/www/yii-1.1.12/framework/web/CController.php(266): CController->runActionWithFilters(Object(CInlineAction), Array)
#10 /var/www/yii-1.1.12/framework/web/CWebApplication.php(283): CController->run('login')
#11 /var/www/yii-1.1.12/framework/web/CWebApplication.php(142): CWebApplication->runController('site/login')
#12 /var/www/yii-1.1.12/framework/base/CApplication.php(162): CWebApplication->processRequest()
#13 /var/www/html/blog/index.php(13): CApplication->run()
#14 {main}
REQUEST_URI=/blog/index.php?r=site/login
HTTP_REFERER=http://localhost/blog/index.php?r=site/login
---
2019/08/13 16:39:25 [error] [exception.CException] CException: Property "Usuario.id" is not defined. in /var/www/yii-1.1.12/framework/base/CComponent.php:131
Stack trace:
#0 /var/www/yii-1.1.12/framework/db/ar/CActiveRecord.php(144): CComponent->__get('id')
#1 /var/www/html/blog/protected/components/UserIdentity.php(15): CActiveRecord->__get('id')
#2 /var/www/html/blog/protected/models/LoginForm.php(52): UserIdentity->authenticate()
#3 /var/www/yii-1.1.12/framework/validators/CInlineValidator.php(43): LoginForm->authenticate('password', Array)
#4 /var/www/yii-1.1.12/framework/validators/CValidator.php(214): CInlineValidator->validateAttribute(Object(LoginForm), 'password')
#5 /var/www/yii-1.1.12/framework/base/CModel.php(158): CValidator->validate(Object(LoginForm), Array)
#6 /var/www/html/blog/protected/controllers/SiteController.php(93): CModel->validate()
#7 /var/www/yii-1.1.12/framework/web/actions/CInlineAction.php(50): SiteController->actionLogin()
#8 /var/www/yii-1.1.12/framework/web/CController.php(309): CInlineAction->runWithParams(Array)
#9 /var/www/yii-1.1.12/framework/web/CController.php(287): CController->runAction(Object(CInlineAction))
#10 /var/www/yii-1.1.12/framework/web/CController.php(266): CController->runActionWithFilters(Object(CInlineAction), Array)
#11 /var/www/yii-1.1.12/framework/web/CWebApplication.php(283): CController->run('login')
#12 /var/www/yii-1.1.12/framework/web/CWebApplication.php(142): CWebApplication->runController('site/login')
#13 /var/www/yii-1.1.12/framework/base/CApplication.php(162): CWebApplication->processRequest()
#14 /var/www/html/blog/index.php(13): CApplication->run()
#15 {main}
REQUEST_URI=/blog/index.php?r=site/login
HTTP_REFERER=http://localhost/blog/index.php?r=site/login
---
2019/08/13 16:39:37 [error] [exception.CException] CException: Property "Usuario.id" is not defined. in /var/www/yii-1.1.12/framework/base/CComponent.php:131
Stack trace:
#0 /var/www/yii-1.1.12/framework/db/ar/CActiveRecord.php(144): CComponent->__get('id')
#1 /var/www/html/blog/protected/components/UserIdentity.php(15): CActiveRecord->__get('id')
#2 /var/www/html/blog/protected/models/LoginForm.php(52): UserIdentity->authenticate()
#3 /var/www/yii-1.1.12/framework/validators/CInlineValidator.php(43): LoginForm->authenticate('password', Array)
#4 /var/www/yii-1.1.12/framework/validators/CValidator.php(214): CInlineValidator->validateAttribute(Object(LoginForm), 'password')
#5 /var/www/yii-1.1.12/framework/base/CModel.php(158): CValidator->validate(Object(LoginForm), Array)
#6 /var/www/html/blog/protected/controllers/SiteController.php(93): CModel->validate()
#7 /var/www/yii-1.1.12/framework/web/actions/CInlineAction.php(50): SiteController->actionLogin()
#8 /var/www/yii-1.1.12/framework/web/CController.php(309): CInlineAction->runWithParams(Array)
#9 /var/www/yii-1.1.12/framework/web/CController.php(287): CController->runAction(Object(CInlineAction))
#10 /var/www/yii-1.1.12/framework/web/CController.php(266): CController->runActionWithFilters(Object(CInlineAction), Array)
#11 /var/www/yii-1.1.12/framework/web/CWebApplication.php(283): CController->run('login')
#12 /var/www/yii-1.1.12/framework/web/CWebApplication.php(142): CWebApplication->runController('site/login')
#13 /var/www/yii-1.1.12/framework/base/CApplication.php(162): CWebApplication->processRequest()
#14 /var/www/html/blog/index.php(13): CApplication->run()
#15 {main}
REQUEST_URI=/blog/index.php?r=site/login
HTTP_REFERER=http://localhost/blog/index.php?r=site/login
---
2019/08/13 16:40:02 [error] [exception.CException] CException: Property "Usuario.title" is not defined. in /var/www/yii-1.1.12/framework/base/CComponent.php:131
Stack trace:
#0 /var/www/yii-1.1.12/framework/db/ar/CActiveRecord.php(144): CComponent->__get('title')
#1 /var/www/html/blog/protected/components/UserIdentity.php(16): CActiveRecord->__get('title')
#2 /var/www/html/blog/protected/models/LoginForm.php(52): UserIdentity->authenticate()
#3 /var/www/yii-1.1.12/framework/validators/CInlineValidator.php(43): LoginForm->authenticate('password', Array)
#4 /var/www/yii-1.1.12/framework/validators/CValidator.php(214): CInlineValidator->validateAttribute(Object(LoginForm), 'password')
#5 /var/www/yii-1.1.12/framework/base/CModel.php(158): CValidator->validate(Object(LoginForm), Array)
#6 /var/www/html/blog/protected/controllers/SiteController.php(93): CModel->validate()
#7 /var/www/yii-1.1.12/framework/web/actions/CInlineAction.php(50): SiteController->actionLogin()
#8 /var/www/yii-1.1.12/framework/web/CController.php(309): CInlineAction->runWithParams(Array)
#9 /var/www/yii-1.1.12/framework/web/CController.php(287): CController->runAction(Object(CInlineAction))
#10 /var/www/yii-1.1.12/framework/web/CController.php(266): CController->runActionWithFilters(Object(CInlineAction), Array)
#11 /var/www/yii-1.1.12/framework/web/CWebApplication.php(283): CController->run('login')
#12 /var/www/yii-1.1.12/framework/web/CWebApplication.php(142): CWebApplication->runController('site/login')
#13 /var/www/yii-1.1.12/framework/base/CApplication.php(162): CWebApplication->processRequest()
#14 /var/www/html/blog/index.php(13): CApplication->run()
#15 {main}
REQUEST_URI=/blog/index.php?r=site/login
HTTP_REFERER=http://localhost/blog/index.php?r=site/login
---
2019/08/13 16:41:30 [error] [exception.ParseError] ParseError: syntax error, unexpected '<', expecting end of file in /var/www/html/blog/protected/components/UserIdentity.php:3
Stack trace:
#0 [internal function]: YiiBase::autoload('UserIdentity')
#1 /var/www/html/blog/protected/models/LoginForm.php(51): spl_autoload_call('UserIdentity')
#2 /var/www/yii-1.1.12/framework/validators/CInlineValidator.php(43): LoginForm->authenticate('password', Array)
#3 /var/www/yii-1.1.12/framework/validators/CValidator.php(214): CInlineValidator->validateAttribute(Object(LoginForm), 'password')
#4 /var/www/yii-1.1.12/framework/base/CModel.php(158): CValidator->validate(Object(LoginForm), Array)
#5 /var/www/html/blog/protected/controllers/SiteController.php(93): CModel->validate()
#6 /var/www/yii-1.1.12/framework/web/actions/CInlineAction.php(50): SiteController->actionLogin()
#7 /var/www/yii-1.1.12/framework/web/CController.php(309): CInlineAction->runWithParams(Array)
#8 /var/www/yii-1.1.12/framework/web/CController.php(287): CController->runAction(Object(CInlineAction))
#9 /var/www/yii-1.1.12/framework/web/CController.php(266): CController->runActionWithFilters(Object(CInlineAction), Array)
#10 /var/www/yii-1.1.12/framework/web/CWebApplication.php(283): CController->run('login')
#11 /var/www/yii-1.1.12/framework/web/CWebApplication.php(142): CWebApplication->runController('site/login')
#12 /var/www/yii-1.1.12/framework/base/CApplication.php(162): CWebApplication->processRequest()
#13 /var/www/html/blog/index.php(13): CApplication->run()
#14 {main}
REQUEST_URI=/blog/index.php?r=site/login
HTTP_REFERER=http://localhost/blog/index.php?r=site/login
---
2019/08/13 17:16:25 [error] [exception.CHttpException.403] CHttpException: You are not authorized to perform this action. in /var/www/yii-1.1.12/framework/web/auth/CAccessControlFilter.php:170
Stack trace:
#0 /var/www/yii-1.1.12/framework/web/auth/CAccessControlFilter.php(133): CAccessControlFilter->accessDenied(Object(CWebUser), 'You are not aut...')
#1 /var/www/yii-1.1.12/framework/web/filters/CFilter.php(39): CAccessControlFilter->preFilter(Object(CFilterChain))
#2 /var/www/yii-1.1.12/framework/web/CController.php(1146): CFilter->filter(Object(CFilterChain))
#3 /var/www/yii-1.1.12/framework/web/filters/CInlineFilter.php(59): CController->filterAccessControl(Object(CFilterChain))
#4 /var/www/yii-1.1.12/framework/web/filters/CFilterChain.php(131): CInlineFilter->filter(Object(CFilterChain))
#5 /var/www/yii-1.1.12/framework/web/CController.php(292): CFilterChain->run()
#6 /var/www/yii-1.1.12/framework/web/CController.php(266): CController->runActionWithFilters(Object(CInlineAction), Array)
#7 /var/www/yii-1.1.12/framework/web/CWebApplication.php(283): CController->run('admin')
#8 /var/www/yii-1.1.12/framework/web/CWebApplication.php(142): CWebApplication->runController('post/admin')
#9 /var/www/yii-1.1.12/framework/base/CApplication.php(162): CWebApplication->processRequest()
#10 /var/www/html/blog/index.php(13): CApplication->run()
#11 {main}
REQUEST_URI=/blog/index.php?r=post/admin
HTTP_REFERER=http://localhost/blog/index.php?r=post/create
---
2019/08/13 17:16:40 [error] [exception.CHttpException.403] CHttpException: You are not authorized to perform this action. in /var/www/yii-1.1.12/framework/web/auth/CAccessControlFilter.php:170
Stack trace:
#0 /var/www/yii-1.1.12/framework/web/auth/CAccessControlFilter.php(133): CAccessControlFilter->accessDenied(Object(CWebUser), 'You are not aut...')
#1 /var/www/yii-1.1.12/framework/web/filters/CFilter.php(39): CAccessControlFilter->preFilter(Object(CFilterChain))
#2 /var/www/yii-1.1.12/framework/web/CController.php(1146): CFilter->filter(Object(CFilterChain))
#3 /var/www/yii-1.1.12/framework/web/filters/CInlineFilter.php(59): CController->filterAccessControl(Object(CFilterChain))
#4 /var/www/yii-1.1.12/framework/web/filters/CFilterChain.php(131): CInlineFilter->filter(Object(CFilterChain))
#5 /var/www/yii-1.1.12/framework/web/CController.php(292): CFilterChain->run()
#6 /var/www/yii-1.1.12/framework/web/CController.php(266): CController->runActionWithFilters(Object(CInlineAction), Array)
#7 /var/www/yii-1.1.12/framework/web/CWebApplication.php(283): CController->run('admin')
#8 /var/www/yii-1.1.12/framework/web/CWebApplication.php(142): CWebApplication->runController('post/admin')
#9 /var/www/yii-1.1.12/framework/base/CApplication.php(162): CWebApplication->processRequest()
#10 /var/www/html/blog/index.php(13): CApplication->run()
#11 {main}
REQUEST_URI=/blog/index.php?r=post/admin
HTTP_REFERER=http://localhost/blog/index.php?r=post/create
---
2019/08/13 17:24:17 [error] [php] include(Comment.php): failed to open stream: No such file or directory (/var/www/yii-1.1.12/framework/YiiBase.php:423)
Stack trace:
#0 /var/www/html/blog/protected/models/Post.php(44): spl_autoload_call()
#1 /var/www/yii-1.1.12/framework/db/ar/CActiveRecord.php(2337): Post->relations()
#2 /var/www/yii-1.1.12/framework/db/ar/CActiveRecord.php(388): CActiveRecordMetaData->__construct()
#3 /var/www/yii-1.1.12/framework/db/ar/CActiveRecord.php(403): model()
#4 /var/www/yii-1.1.12/framework/db/ar/CActiveRecord.php(78): Post->getMetaData()
#5 /var/www/html/blog/protected/controllers/PostController.php(65): Post->__construct()
#6 /var/www/yii-1.1.12/framework/web/actions/CInlineAction.php(50): PostController->actionCreate()
#7 /var/www/yii-1.1.12/framework/web/CController.php(309): CInlineAction->runWithParams()
#8 /var/www/yii-1.1.12/framework/web/filters/CFilterChain.php(134): PostController->runAction()
#9 /var/www/yii-1.1.12/framework/web/filters/CFilter.php(41): CFilterChain->run()
#10 /var/www/yii-1.1.12/framework/web/CController.php(1146): CAccessControlFilter->filter()
#11 /var/www/yii-1.1.12/framework/web/filters/CInlineFilter.php(59): PostController->filterAccessControl()
#12 /var/www/yii-1.1.12/framework/web/filters/CFilterChain.php(131): CInlineFilter->filter()
#13 /var/www/yii-1.1.12/framework/web/CController.php(292): CFilterChain->run()
#14 /var/www/yii-1.1.12/framework/web/CController.php(266): PostController->runActionWithFilters()
#15 /var/www/yii-1.1.12/framework/web/CWebApplication.php(283): PostController->run()
#16 /var/www/yii-1.1.12/framework/web/CWebApplication.php(142): CWebApplication->runController()
#17 /var/www/yii-1.1.12/framework/base/CApplication.php(162): CWebApplication->processRequest()
#18 /var/www/html/blog/index.php(13): CWebApplication->run()
REQUEST_URI=/blog/index.php?r=post/create
in /var/www/html/blog/protected/models/Post.php (44)
in /var/www/html/blog/protected/controllers/PostController.php (65)
in /var/www/html/blog/index.php (13)
2019/08/13 17:25:43 [error] [php] include(Comment.php): failed to open stream: No such file or directory (/var/www/yii-1.1.12/framework/YiiBase.php:423)
Stack trace:
#0 /var/www/html/blog/protected/models/Post.php(44): spl_autoload_call()
#1 /var/www/yii-1.1.12/framework/db/ar/CActiveRecord.php(2337): Post->relations()
#2 /var/www/yii-1.1.12/framework/db/ar/CActiveRecord.php(388): CActiveRecordMetaData->__construct()
#3 /var/www/yii-1.1.12/framework/db/ar/CActiveRecord.php(403): model()
#4 /var/www/yii-1.1.12/framework/db/ar/CActiveRecord.php(78): Post->getMetaData()
#5 /var/www/html/blog/protected/controllers/PostController.php(65): Post->__construct()
#6 /var/www/yii-1.1.12/framework/web/actions/CInlineAction.php(50): PostController->actionCreate()
#7 /var/www/yii-1.1.12/framework/web/CController.php(309): CInlineAction->runWithParams()
#8 /var/www/yii-1.1.12/framework/web/filters/CFilterChain.php(134): PostController->runAction()
#9 /var/www/yii-1.1.12/framework/web/filters/CFilter.php(41): CFilterChain->run()
#10 /var/www/yii-1.1.12/framework/web/CController.php(1146): CAccessControlFilter->filter()
#11 /var/www/yii-1.1.12/framework/web/filters/CInlineFilter.php(59): PostController->filterAccessControl()
#12 /var/www/yii-1.1.12/framework/web/filters/CFilterChain.php(131): CInlineFilter->filter()
#13 /var/www/yii-1.1.12/framework/web/CController.php(292): CFilterChain->run()
#14 /var/www/yii-1.1.12/framework/web/CController.php(266): PostController->runActionWithFilters()
#15 /var/www/yii-1.1.12/framework/web/CWebApplication.php(283): PostController->run()
#16 /var/www/yii-1.1.12/framework/web/CWebApplication.php(142): CWebApplication->runController()
#17 /var/www/yii-1.1.12/framework/base/CApplication.php(162): CWebApplication->processRequest()
#18 /var/www/html/blog/index.php(13): CWebApplication->run()
REQUEST_URI=/blog/index.php?r=post/create
in /var/www/html/blog/protected/models/Post.php (44)
in /var/www/html/blog/protected/controllers/PostController.php (65)
in /var/www/html/blog/index.php (13)
2019/08/13 17:26:32 [error] [php] include(Comment.php): failed to open stream: No such file or directory (/var/www/yii-1.1.12/framework/YiiBase.php:423)
Stack trace:
#0 /var/www/html/blog/protected/models/Post.php(44): spl_autoload_call()
#1 /var/www/yii-1.1.12/framework/db/ar/CActiveRecord.php(2337): Post->relations()
#2 /var/www/yii-1.1.12/framework/db/ar/CActiveRecord.php(388): CActiveRecordMetaData->__construct()
#3 /var/www/yii-1.1.12/framework/db/ar/CActiveRecord.php(403): model()
#4 /var/www/yii-1.1.12/framework/db/ar/CActiveRecord.php(78): Post->getMetaData()
#5 /var/www/html/blog/protected/controllers/PostController.php(65): Post->__construct()
#6 /var/www/yii-1.1.12/framework/web/actions/CInlineAction.php(50): PostController->actionCreate()
#7 /var/www/yii-1.1.12/framework/web/CController.php(309): CInlineAction->runWithParams()
#8 /var/www/yii-1.1.12/framework/web/filters/CFilterChain.php(134): PostController->runAction()
#9 /var/www/yii-1.1.12/framework/web/filters/CFilter.php(41): CFilterChain->run()
#10 /var/www/yii-1.1.12/framework/web/CController.php(1146): CAccessControlFilter->filter()
#11 /var/www/yii-1.1.12/framework/web/filters/CInlineFilter.php(59): PostController->filterAccessControl()
#12 /var/www/yii-1.1.12/framework/web/filters/CFilterChain.php(131): CInlineFilter->filter()
#13 /var/www/yii-1.1.12/framework/web/CController.php(292): CFilterChain->run()
#14 /var/www/yii-1.1.12/framework/web/CController.php(266): PostController->runActionWithFilters()
#15 /var/www/yii-1.1.12/framework/web/CWebApplication.php(283): PostController->run()
#16 /var/www/yii-1.1.12/framework/web/CWebApplication.php(142): CWebApplication->runController()
#17 /var/www/yii-1.1.12/framework/base/CApplication.php(162): CWebApplication->processRequest()
#18 /var/www/html/blog/index.php(13): CWebApplication->run()
REQUEST_URI=/blog/index.php?r=post/create
in /var/www/html/blog/protected/models/Post.php (44)
in /var/www/html/blog/protected/controllers/PostController.php (65)
in /var/www/html/blog/index.php (13)
2019/08/13 17:26:49 [error] [php] include(Comment.php): failed to open stream: No such file or directory (/var/www/yii-1.1.12/framework/YiiBase.php:423)
Stack trace:
#0 /var/www/html/blog/protected/models/Post.php(44): spl_autoload_call()
#1 /var/www/yii-1.1.12/framework/db/ar/CActiveRecord.php(2337): Post->relations()
#2 /var/www/yii-1.1.12/framework/db/ar/CActiveRecord.php(388): CActiveRecordMetaData->__construct()
#3 /var/www/yii-1.1.12/framework/db/ar/CActiveRecord.php(403): model()
#4 /var/www/yii-1.1.12/framework/db/ar/CActiveRecord.php(78): Post->getMetaData()
#5 /var/www/html/blog/protected/controllers/PostController.php(65): Post->__construct()
#6 /var/www/yii-1.1.12/framework/web/actions/CInlineAction.php(50): PostController->actionCreate()
#7 /var/www/yii-1.1.12/framework/web/CController.php(309): CInlineAction->runWithParams()
#8 /var/www/yii-1.1.12/framework/web/filters/CFilterChain.php(134): PostController->runAction()
#9 /var/www/yii-1.1.12/framework/web/filters/CFilter.php(41): CFilterChain->run()
#10 /var/www/yii-1.1.12/framework/web/CController.php(1146): CAccessControlFilter->filter()
#11 /var/www/yii-1.1.12/framework/web/filters/CInlineFilter.php(59): PostController->filterAccessControl()
#12 /var/www/yii-1.1.12/framework/web/filters/CFilterChain.php(131): CInlineFilter->filter()
#13 /var/www/yii-1.1.12/framework/web/CController.php(292): CFilterChain->run()
#14 /var/www/yii-1.1.12/framework/web/CController.php(266): PostController->runActionWithFilters()
#15 /var/www/yii-1.1.12/framework/web/CWebApplication.php(283): PostController->run()
#16 /var/www/yii-1.1.12/framework/web/CWebApplication.php(142): CWebApplication->runController()
#17 /var/www/yii-1.1.12/framework/base/CApplication.php(162): CWebApplication->processRequest()
#18 /var/www/html/blog/index.php(13): CWebApplication->run()
REQUEST_URI=/blog/index.php?r=post/create
in /var/www/html/blog/protected/models/Post.php (44)
in /var/www/html/blog/protected/controllers/PostController.php (65)
in /var/www/html/blog/index.php (13)
2019/08/13 17:29:16 [error] [php] include(Comment.php): failed to open stream: No such file or directory (/var/www/yii-1.1.12/framework/YiiBase.php:423)
Stack trace:
#0 /var/www/html/blog/protected/models/Post.php(44): spl_autoload_call()
#1 /var/www/yii-1.1.12/framework/db/ar/CActiveRecord.php(2337): Post->relations()
#2 /var/www/yii-1.1.12/framework/db/ar/CActiveRecord.php(388): CActiveRecordMetaData->__construct()
#3 /var/www/yii-1.1.12/framework/web/CActiveDataProvider.php(75): model()
#4 /var/www/html/blog/protected/controllers/PostController.php(125): CActiveDataProvider->__construct()
#5 /var/www/yii-1.1.12/framework/web/actions/CInlineAction.php(50): PostController->actionIndex()
#6 /var/www/yii-1.1.12/framework/web/CController.php(309): CInlineAction->runWithParams()
#7 /var/www/yii-1.1.12/framework/web/filters/CFilterChain.php(134): PostController->runAction()
#8 /var/www/yii-1.1.12/framework/web/filters/CFilter.php(41): CFilterChain->run()
#9 /var/www/yii-1.1.12/framework/web/CController.php(1146): CAccessControlFilter->filter()
#10 /var/www/yii-1.1.12/framework/web/filters/CInlineFilter.php(59): PostController->filterAccessControl()
#11 /var/www/yii-1.1.12/framework/web/filters/CFilterChain.php(131): CInlineFilter->filter()
#12 /var/www/yii-1.1.12/framework/web/CController.php(292): CFilterChain->run()
#13 /var/www/yii-1.1.12/framework/web/CController.php(266): PostController->runActionWithFilters()
#14 /var/www/yii-1.1.12/framework/web/CWebApplication.php(283): PostController->run()
#15 /var/www/yii-1.1.12/framework/web/CWebApplication.php(142): CWebApplication->runController()
#16 /var/www/yii-1.1.12/framework/base/CApplication.php(162): CWebApplication->processRequest()
#17 /var/www/html/blog/index.php(13): CWebApplication->run()
REQUEST_URI=/blog/index.php?r=post
in /var/www/html/blog/protected/models/Post.php (44)
in /var/www/html/blog/protected/controllers/PostController.php (125)
in /var/www/html/blog/index.php (13)
2019/08/13 17:30:12 [error] [php] include(Comment.php): failed to open stream: No such file or directory (/var/www/yii-1.1.12/framework/YiiBase.php:423)
Stack trace:
#0 /var/www/html/blog/protected/models/Post.php(44): spl_autoload_call()
#1 /var/www/yii-1.1.12/framework/db/ar/CActiveRecord.php(2337): Post->relations()
#2 /var/www/yii-1.1.12/framework/db/ar/CActiveRecord.php(388): CActiveRecordMetaData->__construct()
#3 /var/www/yii-1.1.12/framework/web/CActiveDataProvider.php(75): model()
#4 /var/www/html/blog/protected/controllers/PostController.php(125): CActiveDataProvider->__construct()
#5 /var/www/yii-1.1.12/framework/web/actions/CInlineAction.php(50): PostController->actionIndex()
#6 /var/www/yii-1.1.12/framework/web/CController.php(309): CInlineAction->runWithParams()
#7 /var/www/yii-1.1.12/framework/web/filters/CFilterChain.php(134): PostController->runAction()
#8 /var/www/yii-1.1.12/framework/web/filters/CFilter.php(41): CFilterChain->run()
#9 /var/www/yii-1.1.12/framework/web/CController.php(1146): CAccessControlFilter->filter()
#10 /var/www/yii-1.1.12/framework/web/filters/CInlineFilter.php(59): PostController->filterAccessControl()
#11 /var/www/yii-1.1.12/framework/web/filters/CFilterChain.php(131): CInlineFilter->filter()
#12 /var/www/yii-1.1.12/framework/web/CController.php(292): CFilterChain->run()
#13 /var/www/yii-1.1.12/framework/web/CController.php(266): PostController->runActionWithFilters()
#14 /var/www/yii-1.1.12/framework/web/CWebApplication.php(283): PostController->run()
#15 /var/www/yii-1.1.12/framework/web/CWebApplication.php(142): CWebApplication->runController()
#16 /var/www/yii-1.1.12/framework/base/CApplication.php(162): CWebApplication->processRequest()
#17 /var/www/html/blog/index.php(13): CWebApplication->run()
REQUEST_URI=/blog/index.php?r=post
in /var/www/html/blog/protected/models/Post.php (44)
in /var/www/html/blog/protected/controllers/PostController.php (125)
in /var/www/html/blog/index.php (13)
2019/08/13 17:31:31 [error] [php] include(Comment.php): failed to open stream: No such file or directory (/var/www/yii-1.1.12/framework/YiiBase.php:423)
Stack trace:
#0 /var/www/html/blog/protected/models/Post.php(44): spl_autoload_call()
#1 /var/www/yii-1.1.12/framework/db/ar/CActiveRecord.php(2337): Post->relations()
#2 /var/www/yii-1.1.12/framework/db/ar/CActiveRecord.php(388): CActiveRecordMetaData->__construct()
#3 /var/www/yii-1.1.12/framework/web/CActiveDataProvider.php(75): model()
#4 /var/www/html/blog/protected/controllers/PostController.php(125): CActiveDataProvider->__construct()
#5 /var/www/yii-1.1.12/framework/web/actions/CInlineAction.php(50): PostController->actionIndex()
#6 /var/www/yii-1.1.12/framework/web/CController.php(309): CInlineAction->runWithParams()
#7 /var/www/yii-1.1.12/framework/web/filters/CFilterChain.php(134): PostController->runAction()
#8 /var/www/yii-1.1.12/framework/web/filters/CFilter.php(41): CFilterChain->run()
#9 /var/www/yii-1.1.12/framework/web/CController.php(1146): CAccessControlFilter->filter()
#10 /var/www/yii-1.1.12/framework/web/filters/CInlineFilter.php(59): PostController->filterAccessControl()
#11 /var/www/yii-1.1.12/framework/web/filters/CFilterChain.php(131): CInlineFilter->filter()
#12 /var/www/yii-1.1.12/framework/web/CController.php(292): CFilterChain->run()
#13 /var/www/yii-1.1.12/framework/web/CController.php(266): PostController->runActionWithFilters()
#14 /var/www/yii-1.1.12/framework/web/CWebApplication.php(283): PostController->run()
#15 /var/www/yii-1.1.12/framework/web/CWebApplication.php(142): CWebApplication->runController()
#16 /var/www/yii-1.1.12/framework/base/CApplication.php(162): CWebApplication->processRequest()
#17 /var/www/html/blog/index.php(13): CWebApplication->run()
REQUEST_URI=/blog/index.php?r=post
in /var/www/html/blog/protected/models/Post.php (44)
in /var/www/html/blog/protected/controllers/PostController.php (125)
in /var/www/html/blog/index.php (13)
2019/08/13 17:32:21 [error] [php] include(Comment.php): failed to open stream: No such file or directory (/var/www/yii-1.1.12/framework/YiiBase.php:423)
Stack trace:
#0 /var/www/html/blog/protected/models/Post.php(44): spl_autoload_call()
#1 /var/www/yii-1.1.12/framework/db/ar/CActiveRecord.php(2337): Post->relations()
#2 /var/www/yii-1.1.12/framework/db/ar/CActiveRecord.php(388): CActiveRecordMetaData->__construct()
#3 /var/www/yii-1.1.12/framework/web/CActiveDataProvider.php(75): model()
#4 /var/www/html/blog/protected/controllers/PostController.php(125): CActiveDataProvider->__construct()
#5 /var/www/yii-1.1.12/framework/web/actions/CInlineAction.php(50): PostController->actionIndex()
#6 /var/www/yii-1.1.12/framework/web/CController.php(309): CInlineAction->runWithParams()
#7 /var/www/yii-1.1.12/framework/web/filters/CFilterChain.php(134): PostController->runAction()
#8 /var/www/yii-1.1.12/framework/web/filters/CFilter.php(41): CFilterChain->run()
#9 /var/www/yii-1.1.12/framework/web/CController.php(1146): CAccessControlFilter->filter()
#10 /var/www/yii-1.1.12/framework/web/filters/CInlineFilter.php(59): PostController->filterAccessControl()
#11 /var/www/yii-1.1.12/framework/web/filters/CFilterChain.php(131): CInlineFilter->filter()
#12 /var/www/yii-1.1.12/framework/web/CController.php(292): CFilterChain->run()
#13 /var/www/yii-1.1.12/framework/web/CController.php(266): PostController->runActionWithFilters()
#14 /var/www/yii-1.1.12/framework/web/CWebApplication.php(283): PostController->run()
#15 /var/www/yii-1.1.12/framework/web/CWebApplication.php(142): CWebApplication->runController()
#16 /var/www/yii-1.1.12/framework/base/CApplication.php(162): CWebApplication->processRequest()
#17 /var/www/html/blog/index.php(13): CWebApplication->run()
REQUEST_URI=/blog/index.php?r=post
in /var/www/html/blog/protected/models/Post.php (44)
in /var/www/html/blog/protected/controllers/PostController.php (125)
in /var/www/html/blog/index.php (13)
2019/08/13 17:32:31 [error] [php] include(Comment.php): failed to open stream: No such file or directory (/var/www/yii-1.1.12/framework/YiiBase.php:423)
Stack trace:
#0 /var/www/html/blog/protected/models/Post.php(44): spl_autoload_call()
#1 /var/www/yii-1.1.12/framework/db/ar/CActiveRecord.php(2337): Post->relations()
#2 /var/www/yii-1.1.12/framework/db/ar/CActiveRecord.php(388): CActiveRecordMetaData->__construct()
#3 /var/www/html/blog/protected/extensions/giix-components/GxActiveRecord.php(26): model()
#4 /var/www/html/blog/protected/extensions/giix-components/GxActiveRecord.php(119): model()
#5 /var/www/html/blog/protected/extensions/giix-components/GxActiveRecord.php(165): Comentario->getRelationLabel()
#6 /var/www/yii-1.1.12/framework/web/helpers/CHtml.php(1173): Comentario->getAttributeLabel()
#7 /var/www/yii-1.1.12/framework/web/helpers/CHtml.php(1198): activeLabel()
#8 /var/www/yii-1.1.12/framework/web/widgets/CActiveForm.php(563): activeLabelEx()
#9 /var/www/html/blog/protected/views/comentario/_form.php(37): CActiveForm->labelEx()
#10 /var/www/yii-1.1.12/framework/web/CBaseController.php(127): require()
#11 /var/www/yii-1.1.12/framework/web/CBaseController.php(96): ComentarioController->renderInternal()
#12 /var/www/yii-1.1.12/framework/web/CController.php(870): ComentarioController->renderFile()
#13 /var/www/html/blog/protected/views/comentario/create.php(18): ComentarioController->renderPartial()
#14 /var/www/yii-1.1.12/framework/web/CBaseController.php(127): require()
#15 /var/www/yii-1.1.12/framework/web/CBaseController.php(96): ComentarioController->renderInternal()
#16 /var/www/yii-1.1.12/framework/web/CController.php(870): ComentarioController->renderFile()
#17 /var/www/yii-1.1.12/framework/web/CController.php(783): ComentarioController->renderPartial()
#18 /var/www/html/blog/protected/controllers/ComentarioController.php(78): ComentarioController->render()
#19 /var/www/yii-1.1.12/framework/web/actions/CInlineAction.php(50): ComentarioController->actionCreate()
#20 /var/www/yii-1.1.12/framework/web/CController.php(309): CInlineAction->runWithParams()
#21 /var/www/yii-1.1.12/framework/web/filters/CFilterChain.php(134): ComentarioController->runAction()
#22 /var/www/yii-1.1.12/framework/web/filters/CFilter.php(41): CFilterChain->run()
#23 /var/www/yii-1.1.12/framework/web/CController.php(1146): CAccessControlFilter->filter()
#24 /var/www/yii-1.1.12/framework/web/filters/CInlineFilter.php(59): ComentarioController->filterAccessControl()
#25 /var/www/yii-1.1.12/framework/web/filters/CFilterChain.php(131): CInlineFilter->filter()
#26 /var/www/yii-1.1.12/framework/web/CController.php(292): CFilterChain->run()
#27 /var/www/yii-1.1.12/framework/web/CController.php(266): ComentarioController->runActionWithFilters()
#28 /var/www/yii-1.1.12/framework/web/CWebApplication.php(283): ComentarioController->run()
#29 /var/www/yii-1.1.12/framework/web/CWebApplication.php(142): CWebApplication->runController()
#30 /var/www/yii-1.1.12/framework/base/CApplication.php(162): CWebApplication->processRequest()
#31 /var/www/html/blog/index.php(13): CWebApplication->run()
REQUEST_URI=/blog/index.php?r=comentario/create
in /var/www/html/blog/protected/models/Post.php (44)
in /var/www/html/blog/protected/extensions/giix-components/GxActiveRecord.php (26)
in /var/www/html/blog/protected/extensions/giix-components/GxActiveRecord.php (119)
2019/08/13 17:32:35 [error] [exception.CHttpException.403] CHttpException: You are not authorized to perform this action. in /var/www/yii-1.1.12/framework/web/auth/CAccessControlFilter.php:170
Stack trace:
#0 /var/www/yii-1.1.12/framework/web/auth/CAccessControlFilter.php(133): CAccessControlFilter->accessDenied(Object(CWebUser), 'You are not aut...')
#1 /var/www/yii-1.1.12/framework/web/filters/CFilter.php(39): CAccessControlFilter->preFilter(Object(CFilterChain))
#2 /var/www/yii-1.1.12/framework/web/CController.php(1146): CFilter->filter(Object(CFilterChain))
#3 /var/www/yii-1.1.12/framework/web/filters/CInlineFilter.php(59): CController->filterAccessControl(Object(CFilterChain))
#4 /var/www/yii-1.1.12/framework/web/filters/CFilterChain.php(131): CInlineFilter->filter(Object(CFilterChain))
#5 /var/www/yii-1.1.12/framework/web/CController.php(292): CFilterChain->run()
#6 /var/www/yii-1.1.12/framework/web/CController.php(266): CController->runActionWithFilters(Object(CInlineAction), Array)
#7 /var/www/yii-1.1.12/framework/web/CWebApplication.php(283): CController->run('admin')
#8 /var/www/yii-1.1.12/framework/web/CWebApplication.php(142): CWebApplication->runController('comentario/admi...')
#9 /var/www/yii-1.1.12/framework/base/CApplication.php(162): CWebApplication->processRequest()
#10 /var/www/html/blog/index.php(13): CApplication->run()
#11 {main}
REQUEST_URI=/blog/index.php?r=comentario/admin
HTTP_REFERER=http://localhost/blog/index.php?r=comentario
---
2019/08/13 17:33:58 [error] [php] include(Comment.php): failed to open stream: No such file or directory (/var/www/yii-1.1.12/framework/YiiBase.php:423)
Stack trace:
#0 /var/www/html/blog/protected/models/Post.php(44): spl_autoload_call()
#1 /var/www/yii-1.1.12/framework/db/ar/CActiveRecord.php(2337): Post->relations()
#2 /var/www/yii-1.1.12/framework/db/ar/CActiveRecord.php(388): CActiveRecordMetaData->__construct()
#3 /var/www/html/blog/protected/extensions/giix-components/GxActiveRecord.php(26): model()
#4 /var/www/html/blog/protected/extensions/giix-components/GxActiveRecord.php(119): model()
#5 /var/www/html/blog/protected/extensions/giix-components/GxActiveRecord.php(165): Comentario->getRelationLabel()
#6 /var/www/yii-1.1.12/framework/web/helpers/CHtml.php(1173): Comentario->getAttributeLabel()
#7 /var/www/yii-1.1.12/framework/web/helpers/CHtml.php(1198): activeLabel()
#8 /var/www/yii-1.1.12/framework/web/widgets/CActiveForm.php(563): activeLabelEx()
#9 /var/www/html/blog/protected/views/comentario/_form.php(37): CActiveForm->labelEx()
#10 /var/www/yii-1.1.12/framework/web/CBaseController.php(127): require()
#11 /var/www/yii-1.1.12/framework/web/CBaseController.php(96): ComentarioController->renderInternal()
#12 /var/www/yii-1.1.12/framework/web/CController.php(870): ComentarioController->renderFile()
#13 /var/www/html/blog/protected/views/comentario/create.php(18): ComentarioController->renderPartial()
#14 /var/www/yii-1.1.12/framework/web/CBaseController.php(127): require()
#15 /var/www/yii-1.1.12/framework/web/CBaseController.php(96): ComentarioController->renderInternal()
#16 /var/www/yii-1.1.12/framework/web/CController.php(870): ComentarioController->renderFile()
#17 /var/www/yii-1.1.12/framework/web/CController.php(783): ComentarioController->renderPartial()
#18 /var/www/html/blog/protected/controllers/ComentarioController.php(78): ComentarioController->render()
#19 /var/www/yii-1.1.12/framework/web/actions/CInlineAction.php(50): ComentarioController->actionCreate()
#20 /var/www/yii-1.1.12/framework/web/CController.php(309): CInlineAction->runWithParams()
#21 /var/www/yii-1.1.12/framework/web/filters/CFilterChain.php(134): ComentarioController->runAction()
#22 /var/www/yii-1.1.12/framework/web/filters/CFilter.php(41): CFilterChain->run()
#23 /var/www/yii-1.1.12/framework/web/CController.php(1146): CAccessControlFilter->filter()
#24 /var/www/yii-1.1.12/framework/web/filters/CInlineFilter.php(59): ComentarioController->filterAccessControl()
#25 /var/www/yii-1.1.12/framework/web/filters/CFilterChain.php(131): CInlineFilter->filter()
#26 /var/www/yii-1.1.12/framework/web/CController.php(292): CFilterChain->run()
#27 /var/www/yii-1.1.12/framework/web/CController.php(266): ComentarioController->runActionWithFilters()
#28 /var/www/yii-1.1.12/framework/web/CWebApplication.php(283): ComentarioController->run()
#29 /var/www/yii-1.1.12/framework/web/CWebApplication.php(142): CWebApplication->runController()
#30 /var/www/yii-1.1.12/framework/base/CApplication.php(162): CWebApplication->processRequest()
#31 /var/www/html/blog/index.php(13): CWebApplication->run()
REQUEST_URI=/blog/index.php?r=comentario/create
in /var/www/html/blog/protected/models/Post.php (44)
in /var/www/html/blog/protected/extensions/giix-components/GxActiveRecord.php (26)
in /var/www/html/blog/protected/extensions/giix-components/GxActiveRecord.php (119)
2019/08/13 17:36:08 [error] [php] include(Comment.php): failed to open stream: No such file or directory (/var/www/yii-1.1.12/framework/YiiBase.php:423)
Stack trace:
#0 /var/www/html/blog/protected/models/Post.php(44): spl_autoload_call()
#1 /var/www/yii-1.1.12/framework/db/ar/CActiveRecord.php(2337): Post->relations()
#2 /var/www/yii-1.1.12/framework/db/ar/CActiveRecord.php(388): CActiveRecordMetaData->__construct()
#3 /var/www/html/blog/protected/extensions/giix-components/GxActiveRecord.php(26): model()
#4 /var/www/html/blog/protected/extensions/giix-components/GxActiveRecord.php(119): model()
#5 /var/www/html/blog/protected/extensions/giix-components/GxActiveRecord.php(165): Comentario->getRelationLabel()
#6 /var/www/yii-1.1.12/framework/web/helpers/CHtml.php(1173): Comentario->getAttributeLabel()
#7 /var/www/yii-1.1.12/framework/web/helpers/CHtml.php(1198): activeLabel()
#8 /var/www/yii-1.1.12/framework/web/widgets/CActiveForm.php(563): activeLabelEx()
#9 /var/www/html/blog/protected/views/comentario/_form.php(37): CActiveForm->labelEx()
#10 /var/www/yii-1.1.12/framework/web/CBaseController.php(127): require()
#11 /var/www/yii-1.1.12/framework/web/CBaseController.php(96): ComentarioController->renderInternal()
#12 /var/www/yii-1.1.12/framework/web/CController.php(870): ComentarioController->renderFile()
#13 /var/www/html/blog/protected/views/comentario/create.php(18): ComentarioController->renderPartial()
#14 /var/www/yii-1.1.12/framework/web/CBaseController.php(127): require()
#15 /var/www/yii-1.1.12/framework/web/CBaseController.php(96): ComentarioController->renderInternal()
#16 /var/www/yii-1.1.12/framework/web/CController.php(870): ComentarioController->renderFile()
#17 /var/www/yii-1.1.12/framework/web/CController.php(783): ComentarioController->renderPartial()
#18 /var/www/html/blog/protected/controllers/ComentarioController.php(78): ComentarioController->render()
#19 /var/www/yii-1.1.12/framework/web/actions/CInlineAction.php(50): ComentarioController->actionCreate()
#20 /var/www/yii-1.1.12/framework/web/CController.php(309): CInlineAction->runWithParams()
#21 /var/www/yii-1.1.12/framework/web/filters/CFilterChain.php(134): ComentarioController->runAction()
#22 /var/www/yii-1.1.12/framework/web/filters/CFilter.php(41): CFilterChain->run()
#23 /var/www/yii-1.1.12/framework/web/CController.php(1146): CAccessControlFilter->filter()
#24 /var/www/yii-1.1.12/framework/web/filters/CInlineFilter.php(59): ComentarioController->filterAccessControl()
#25 /var/www/yii-1.1.12/framework/web/filters/CFilterChain.php(131): CInlineFilter->filter()
#26 /var/www/yii-1.1.12/framework/web/CController.php(292): CFilterChain->run()
#27 /var/www/yii-1.1.12/framework/web/CController.php(266): ComentarioController->runActionWithFilters()
#28 /var/www/yii-1.1.12/framework/web/CWebApplication.php(283): ComentarioController->run()
#29 /var/www/yii-1.1.12/framework/web/CWebApplication.php(142): CWebApplication->runController()
#30 /var/www/yii-1.1.12/framework/base/CApplication.php(162): CWebApplication->processRequest()
#31 /var/www/html/blog/index.php(13): CWebApplication->run()
REQUEST_URI=/blog/index.php?r=comentario/create
in /var/www/html/blog/protected/models/Post.php (44)
in /var/www/html/blog/protected/extensions/giix-components/GxActiveRecord.php (26)
in /var/www/html/blog/protected/extensions/giix-components/GxActiveRecord.php (119)
2019/08/13 17:37:05 [error] [exception.CHttpException.403] CHttpException: You are not authorized to perform this action. in /var/www/yii-1.1.12/framework/web/auth/CAccessControlFilter.php:170
Stack trace:
#0 /var/www/yii-1.1.12/framework/web/auth/CAccessControlFilter.php(133): CAccessControlFilter->accessDenied(Object(CWebUser), 'You are not aut...')
#1 /var/www/yii-1.1.12/framework/web/filters/CFilter.php(39): CAccessControlFilter->preFilter(Object(CFilterChain))
#2 /var/www/yii-1.1.12/framework/web/CController.php(1146): CFilter->filter(Object(CFilterChain))
#3 /var/www/yii-1.1.12/framework/web/filters/CInlineFilter.php(59): CController->filterAccessControl(Object(CFilterChain))
#4 /var/www/yii-1.1.12/framework/web/filters/CFilterChain.php(131): CInlineFilter->filter(Object(CFilterChain))
#5 /var/www/yii-1.1.12/framework/web/CController.php(292): CFilterChain->run()
#6 /var/www/yii-1.1.12/framework/web/CController.php(266): CController->runActionWithFilters(Object(CInlineAction), Array)
#7 /var/www/yii-1.1.12/framework/web/CWebApplication.php(283): CController->run('admin')
#8 /var/www/yii-1.1.12/framework/web/CWebApplication.php(142): CWebApplication->runController('post/admin')
#9 /var/www/yii-1.1.12/framework/base/CApplication.php(162): CWebApplication->processRequest()
#10 /var/www/html/blog/index.php(13): CApplication->run()
#11 {main}
REQUEST_URI=/blog/index.php?r=post/admin
HTTP_REFERER=http://localhost/blog/index.php?r=post/create
---
2019/08/13 17:45:26 [error] [exception.CHttpException.403] CHttpException: You are not authorized to perform this action. in /var/www/yii-1.1.12/framework/web/auth/CAccessControlFilter.php:170
Stack trace:
#0 /var/www/yii-1.1.12/framework/web/auth/CAccessControlFilter.php(133): CAccessControlFilter->accessDenied(Object(CWebUser), 'You are not aut...')
#1 /var/www/yii-1.1.12/framework/web/filters/CFilter.php(39): CAccessControlFilter->preFilter(Object(CFilterChain))
#2 /var/www/yii-1.1.12/framework/web/CController.php(1146): CFilter->filter(Object(CFilterChain))
#3 /var/www/yii-1.1.12/framework/web/filters/CInlineFilter.php(59): CController->filterAccessControl(Object(CFilterChain))
#4 /var/www/yii-1.1.12/framework/web/filters/CFilterChain.php(131): CInlineFilter->filter(Object(CFilterChain))
#5 /var/www/yii-1.1.12/framework/web/CController.php(292): CFilterChain->run()
#6 /var/www/yii-1.1.12/framework/web/CController.php(266): CController->runActionWithFilters(Object(CInlineAction), Array)
#7 /var/www/yii-1.1.12/framework/web/CWebApplication.php(283): CController->run('admin')
#8 /var/www/yii-1.1.12/framework/web/CWebApplication.php(142): CWebApplication->runController('post/admin')
#9 /var/www/yii-1.1.12/framework/base/CApplication.php(162): CWebApplication->processRequest()
#10 /var/www/html/blog/index.php(13): CApplication->run()
#11 {main}
REQUEST_URI=/blog/index.php?r=post/admin
HTTP_REFERER=http://localhost/blog/index.php?r=post/create
---
2019/08/13 17:45:56 [error] [exception.CHttpException.403] CHttpException: You are not authorized to perform this action. in /var/www/yii-1.1.12/framework/web/auth/CAccessControlFilter.php:170
Stack trace:
#0 /var/www/yii-1.1.12/framework/web/auth/CAccessControlFilter.php(133): CAccessControlFilter->accessDenied(Object(CWebUser), 'You are not aut...')
#1 /var/www/yii-1.1.12/framework/web/filters/CFilter.php(39): CAccessControlFilter->preFilter(Object(CFilterChain))
#2 /var/www/yii-1.1.12/framework/web/CController.php(1146): CFilter->filter(Object(CFilterChain))
#3 /var/www/yii-1.1.12/framework/web/filters/CInlineFilter.php(59): CController->filterAccessControl(Object(CFilterChain))
#4 /var/www/yii-1.1.12/framework/web/filters/CFilterChain.php(131): CInlineFilter->filter(Object(CFilterChain))
#5 /var/www/yii-1.1.12/framework/web/CController.php(292): CFilterChain->run()
#6 /var/www/yii-1.1.12/framework/web/CController.php(266): CController->runActionWithFilters(Object(CInlineAction), Array)
#7 /var/www/yii-1.1.12/framework/web/CWebApplication.php(283): CController->run('admin')
#8 /var/www/yii-1.1.12/framework/web/CWebApplication.php(142): CWebApplication->runController('comentario/admi...')
#9 /var/www/yii-1.1.12/framework/base/CApplication.php(162): CWebApplication->processRequest()
#10 /var/www/html/blog/index.php(13): CApplication->run()
#11 {main}
REQUEST_URI=/blog/index.php?r=comentario/admin
HTTP_REFERER=http://localhost/blog/index.php?r=comentario
---
2019/08/13 17:48:10 [error] [exception.CHttpException.403] CHttpException: You are not authorized to perform this action. in /var/www/yii-1.1.12/framework/web/auth/CAccessControlFilter.php:170
Stack trace:
#0 /var/www/yii-1.1.12/framework/web/auth/CAccessControlFilter.php(133): CAccessControlFilter->accessDenied(Object(CWebUser), 'You are not aut...')
#1 /var/www/yii-1.1.12/framework/web/filters/CFilter.php(39): CAccessControlFilter->preFilter(Object(CFilterChain))
#2 /var/www/yii-1.1.12/framework/web/CController.php(1146): CFilter->filter(Object(CFilterChain))
#3 /var/www/yii-1.1.12/framework/web/filters/CInlineFilter.php(59): CController->filterAccessControl(Object(CFilterChain))
#4 /var/www/yii-1.1.12/framework/web/filters/CFilterChain.php(131): CInlineFilter->filter(Object(CFilterChain))
#5 /var/www/yii-1.1.12/framework/web/CController.php(292): CFilterChain->run()
#6 /var/www/yii-1.1.12/framework/web/CController.php(266): CController->runActionWithFilters(Object(CInlineAction), Array)
#7 /var/www/yii-1.1.12/framework/web/CWebApplication.php(283): CController->run('admin')
#8 /var/www/yii-1.1.12/framework/web/CWebApplication.php(142): CWebApplication->runController('post/admin')
#9 /var/www/yii-1.1.12/framework/base/CApplication.php(162): CWebApplication->processRequest()
#10 /var/www/html/blog/index.php(13): CApplication->run()
#11 {main}
REQUEST_URI=/blog/index.php?r=post/admin
HTTP_REFERER=http://localhost/blog/index.php?r=post/create
---
2019/08/13 18:00:58 [error] [exception.CHttpException.403] CHttpException: You are not authorized to perform this action. in /var/www/yii-1.1.12/framework/web/auth/CAccessControlFilter.php:170
Stack trace:
#0 /var/www/yii-1.1.12/framework/web/auth/CAccessControlFilter.php(133): CAccessControlFilter->accessDenied(Object(CWebUser), 'You are not aut...')
#1 /var/www/yii-1.1.12/framework/web/filters/CFilter.php(39): CAccessControlFilter->preFilter(Object(CFilterChain))
#2 /var/www/yii-1.1.12/framework/web/CController.php(1146): CFilter->filter(Object(CFilterChain))
#3 /var/www/yii-1.1.12/framework/web/filters/CInlineFilter.php(59): CController->filterAccessControl(Object(CFilterChain))
#4 /var/www/yii-1.1.12/framework/web/filters/CFilterChain.php(131): CInlineFilter->filter(Object(CFilterChain))
#5 /var/www/yii-1.1.12/framework/web/CController.php(292): CFilterChain->run()
#6 /var/www/yii-1.1.12/framework/web/CController.php(266): CController->runActionWithFilters(Object(CInlineAction), Array)
#7 /var/www/yii-1.1.12/framework/web/CWebApplication.php(283): CController->run('admin')
#8 /var/www/yii-1.1.12/framework/web/CWebApplication.php(142): CWebApplication->runController('post/admin')
#9 /var/www/yii-1.1.12/framework/base/CApplication.php(162): CWebApplication->processRequest()
#10 /var/www/html/blog/index.php(13): CApplication->run()
#11 {main}
REQUEST_URI=/blog/index.php?r=post/admin
HTTP_REFERER=http://localhost/blog/index.php?r=post/create
---
2019/08/13 18:01:13 [error] [exception.CHttpException.403] CHttpException: You are not authorized to perform this action. in /var/www/yii-1.1.12/framework/web/auth/CAccessControlFilter.php:170
Stack trace:
#0 /var/www/yii-1.1.12/framework/web/auth/CAccessControlFilter.php(133): CAccessControlFilter->accessDenied(Object(CWebUser), 'You are not aut...')
#1 /var/www/yii-1.1.12/framework/web/filters/CFilter.php(39): CAccessControlFilter->preFilter(Object(CFilterChain))
#2 /var/www/yii-1.1.12/framework/web/CController.php(1146): CFilter->filter(Object(CFilterChain))
#3 /var/www/yii-1.1.12/framework/web/filters/CInlineFilter.php(59): CController->filterAccessControl(Object(CFilterChain))
#4 /var/www/yii-1.1.12/framework/web/filters/CFilterChain.php(131): CInlineFilter->filter(Object(CFilterChain))
#5 /var/www/yii-1.1.12/framework/web/CController.php(292): CFilterChain->run()
#6 /var/www/yii-1.1.12/framework/web/CController.php(266): CController->runActionWithFilters(Object(CInlineAction), Array)
#7 /var/www/yii-1.1.12/framework/web/CWebApplication.php(283): CController->run('admin')
#8 /var/www/yii-1.1.12/framework/web/CWebApplication.php(142): CWebApplication->runController('comentario/admi...')
#9 /var/www/yii-1.1.12/framework/base/CApplication.php(162): CWebApplication->processRequest()
#10 /var/www/html/blog/index.php(13): CApplication->run()
#11 {main}
REQUEST_URI=/blog/index.php?r=comentario/admin
HTTP_REFERER=http://localhost/blog/index.php?r=comentario/create
---
